2024-11-20 16:14:10,621 - Surveillance du dossier: C:\Users\JulienFernandez\OneDrive\Portable Softwares\_Scripts\Python\Excel related\2024.11 Excel - surveillance (pas à pas)\macros_export
2024-11-20 16:14:21,183 - Modification détectée: C:\Users\JulienFernandez\OneDrive\Portable Softwares\_Scripts\Python\Excel related\2024.11 Excel - surveillance (pas à pas)\macros_export\Module1.bas
2024-11-20 16:14:21,185 - Erreur lors de la mise à jour de C:\Users\JulienFernandez\OneDrive\Portable Softwares\_Scripts\Python\Excel related\2024.11 Excel - surveillance (pas à pas)\macros_export\Module1.bas: Open.VBProject
2024-11-20 16:14:39,678 - Modification détectée: C:\Users\JulienFernandez\OneDrive\Portable Softwares\_Scripts\Python\Excel related\2024.11 Excel - surveillance (pas à pas)\macros_export\Module1.bas
2024-11-20 16:14:39,682 - Erreur lors de la mise à jour de C:\Users\JulienFernandez\OneDrive\Portable Softwares\_Scripts\Python\Excel related\2024.11 Excel - surveillance (pas à pas)\macros_export\Module1.bas: Open.VBProject
2024-11-20 16:14:39,682 - Modification détectée: C:\Users\JulienFernandez\OneDrive\Portable Softwares\_Scripts\Python\Excel related\2024.11 Excel - surveillance (pas à pas)\macros_export\Module1.bas
2024-11-20 16:14:39,684 - Erreur lors de la mise à jour de C:\Users\JulienFernandez\OneDrive\Portable Softwares\_Scripts\Python\Excel related\2024.11 Excel - surveillance (pas à pas)\macros_export\Module1.bas: Open.VBProject
2024-11-20 16:16:38,380 - Surveillance du dossier: C:\Users\JulienFernandez\OneDrive\Portable Softwares\_Scripts\Python\Excel related\2024.11 Excel - surveillance (pas à pas)\macros_export
2024-11-20 16:16:40,181 - Modification détectée: C:\Users\JulienFernandez\OneDrive\Portable Softwares\_Scripts\Python\Excel related\2024.11 Excel - surveillance (pas à pas)\macros_export\Module1.bas
2024-11-20 16:16:40,183 - Erreur lors de l'import de C:\Users\JulienFernandez\OneDrive\Portable Softwares\_Scripts\Python\Excel related\2024.11 Excel - surveillance (pas à pas)\macros_export\Module1.bas: Open.VBProject
2024-11-20 16:16:40,183 - Modification détectée: C:\Users\JulienFernandez\OneDrive\Portable Softwares\_Scripts\Python\Excel related\2024.11 Excel - surveillance (pas à pas)\macros_export\Module1.bas
2024-11-20 16:16:40,183 - Erreur lors de l'import de C:\Users\JulienFernandez\OneDrive\Portable Softwares\_Scripts\Python\Excel related\2024.11 Excel - surveillance (pas à pas)\macros_export\Module1.bas: Open.VBProject
2024-11-20 16:17:40,717 - Excel initialisé avec succès
2024-11-20 16:17:40,720 - Surveillance du dossier: C:\Users\JulienFernandez\OneDrive\Portable Softwares\_Scripts\Python\Excel related\2024.11 Excel - surveillance (pas à pas)\macros_export
2024-11-20 16:17:56,547 - Modification détectée: C:\Users\JulienFernandez\OneDrive\Portable Softwares\_Scripts\Python\Excel related\2024.11 Excel - surveillance (pas à pas)\macros_export\Module1.bas
2024-11-20 16:17:56,548 - Erreur lors de l'import de C:\Users\JulienFernandez\OneDrive\Portable Softwares\_Scripts\Python\Excel related\2024.11 Excel - surveillance (pas à pas)\macros_export\Module1.bas: Open.VBProject
2024-11-20 16:17:56,555 - Modification détectée: C:\Users\JulienFernandez\OneDrive\Portable Softwares\_Scripts\Python\Excel related\2024.11 Excel - surveillance (pas à pas)\macros_export\Module1.bas
2024-11-20 16:17:56,555 - Erreur lors de l'import de C:\Users\JulienFernandez\OneDrive\Portable Softwares\_Scripts\Python\Excel related\2024.11 Excel - surveillance (pas à pas)\macros_export\Module1.bas: Open.VBProject
2024-11-20 16:17:58,872 - Modification détectée: C:\Users\JulienFernandez\OneDrive\Portable Softwares\_Scripts\Python\Excel related\2024.11 Excel - surveillance (pas à pas)\macros_export\Module1.bas
2024-11-20 16:17:58,873 - Erreur lors de l'import de C:\Users\JulienFernandez\OneDrive\Portable Softwares\_Scripts\Python\Excel related\2024.11 Excel - surveillance (pas à pas)\macros_export\Module1.bas: Open.VBProject
