2024-11-20 15:17:05,230 - Surveillance des requêtes Power Query: C:\Users\JulienFernandez\OneDrive\Portable Softwares\_Scripts\Python\Excel related\2024.11 Excel - surveillance (pas à pas)\ExcelLiveInjectionWithMacrosAndPQ.xlsm
2024-11-20 15:17:07,347 - Fichier Excel ouvert avec succès
2024-11-20 15:17:57,670 - Requête trouvée: 2
2024-11-20 15:17:57,673 - Modification détectée pour 2
2024-11-20 15:17:57,678 - Requête sauvegardée: C:\Users\JulienFernandez\OneDrive\Portable Softwares\_Scripts\Python\Excel related\2024.11 Excel - surveillance (pas à pas)\powerquery_export\2.m
2024-11-20 15:18:07,685 - Requête trouvée: 2
2024-11-20 15:18:17,690 - Excel fermé par l'utilisateur - Sauvegarde depuis le cache...
2024-11-20 15:18:17,694 - Requête sauvegardée depuis le cache: C:\Users\JulienFernandez\OneDrive\Portable Softwares\_Scripts\Python\Excel related\2024.11 Excel - surveillance (pas à pas)\powerquery_export\2.m
2024-11-20 15:19:54,075 - Ancien fichier Power Query supprimé: 2.m
2024-11-20 15:19:54,094 - Surveillance des requêtes Power Query: C:\Users\JulienFernandez\OneDrive\Portable Softwares\_Scripts\Python\Excel related\2024.11 Excel - surveillance (pas à pas)\ExcelLiveInjectionWithMacrosAndPQ.xlsm
2024-11-20 15:19:54,166 - Fichier Excel ouvert avec succès
2024-11-20 15:19:54,205 - Requête trouvée: 2
2024-11-20 15:19:54,207 - Modification détectée pour 2
2024-11-20 15:19:54,213 - Requête sauvegardée: C:\Users\JulienFernandez\OneDrive\Portable Softwares\_Scripts\Python\Excel related\2024.11 Excel - surveillance (pas à pas)\powerquery_export\2.m
2024-11-20 15:19:54,220 - Requête trouvée: 2
2024-11-20 15:20:04,229 - Requête trouvée: new
2024-11-20 15:20:04,231 - Requête supprimée: 2
2024-11-20 15:20:04,233 - Fichier supprimé: C:\Users\JulienFernandez\OneDrive\Portable Softwares\_Scripts\Python\Excel related\2024.11 Excel - surveillance (pas à pas)\powerquery_export\2.m
2024-11-20 15:20:04,234 - Modification détectée pour new
2024-11-20 15:20:04,239 - Requête sauvegardée: C:\Users\JulienFernandez\OneDrive\Portable Softwares\_Scripts\Python\Excel related\2024.11 Excel - surveillance (pas à pas)\powerquery_export\new.m
2024-11-20 15:20:14,245 - Requête supprimée: new
2024-11-20 15:20:14,248 - Fichier supprimé: C:\Users\JulienFernandez\OneDrive\Portable Softwares\_Scripts\Python\Excel related\2024.11 Excel - surveillance (pas à pas)\powerquery_export\new.m
2024-11-20 15:20:54,268 - Requête trouvée: 2
2024-11-20 15:20:54,269 - Modification détectée pour 2
2024-11-20 15:20:54,273 - Requête sauvegardée: C:\Users\JulienFernandez\OneDrive\Portable Softwares\_Scripts\Python\Excel related\2024.11 Excel - surveillance (pas à pas)\powerquery_export\2.m
2024-11-20 15:21:04,279 - Requête trouvée: 2
2024-11-20 15:21:14,293 - Requête trouvée: new
2024-11-20 15:21:14,294 - Requête supprimée: 2
2024-11-20 15:21:14,297 - Fichier supprimé: C:\Users\JulienFernandez\OneDrive\Portable Softwares\_Scripts\Python\Excel related\2024.11 Excel - surveillance (pas à pas)\powerquery_export\2.m
2024-11-20 15:21:14,298 - Modification détectée pour new
2024-11-20 15:21:14,304 - Requête sauvegardée: C:\Users\JulienFernandez\OneDrive\Portable Softwares\_Scripts\Python\Excel related\2024.11 Excel - surveillance (pas à pas)\powerquery_export\new.m
2024-11-20 15:21:24,312 - Requête trouvée: new
2024-11-20 15:21:24,313 - Modification détectée pour new
2024-11-20 15:21:24,318 - Requête sauvegardée: C:\Users\JulienFernandez\OneDrive\Portable Softwares\_Scripts\Python\Excel related\2024.11 Excel - surveillance (pas à pas)\powerquery_export\new.m
2024-11-20 15:21:34,330 - Requête trouvée: new
2024-11-20 15:21:44,334 - Excel fermé par l'utilisateur - Sauvegarde depuis le cache...
2024-11-20 15:21:44,339 - Requête sauvegardée depuis le cache: C:\Users\JulienFernandez\OneDrive\Portable Softwares\_Scripts\Python\Excel related\2024.11 Excel - surveillance (pas à pas)\powerquery_export\new.m
2024-11-20 15:23:26,505 - Ancien fichier Power Query supprimé: new.m
2024-11-20 15:23:26,508 - Dossier Connections nettoyé
2024-11-20 15:23:27,879 - Surveillance des requêtes Power Query: C:\Users\JulienFernandez\OneDrive\Portable Softwares\_Scripts\Python\Excel related\2024.11 Excel - surveillance (pas à pas)\ExcelLiveInjectionWithMacrosAndPQ.xlsm
2024-11-20 15:23:29,993 - Fichier Excel ouvert avec succès
2024-11-20 15:23:33,434 - Requête trouvée: new
2024-11-20 15:23:33,439 - Modification détectée pour new
2024-11-20 15:23:33,456 - Requête sauvegardée: C:\Users\JulienFernandez\OneDrive\Portable Softwares\_Scripts\Python\Excel related\2024.11 Excel - surveillance (pas à pas)\powerquery_export\new.m
2024-11-20 15:23:34,725 - Requête trouvée: new
2024-11-20 15:23:44,782 - Requête trouvée: new
2024-11-20 15:23:54,795 - Requête trouvée: new
2024-11-20 15:24:04,802 - Requête trouvée: new2
2024-11-20 15:24:04,803 - Requête supprimée: new
2024-11-20 15:24:04,806 - Fichier supprimé: C:\Users\JulienFernandez\OneDrive\Portable Softwares\_Scripts\Python\Excel related\2024.11 Excel - surveillance (pas à pas)\powerquery_export\new.m
2024-11-20 15:24:04,807 - Modification détectée pour new2
2024-11-20 15:24:04,811 - Requête sauvegardée: C:\Users\JulienFernandez\OneDrive\Portable Softwares\_Scripts\Python\Excel related\2024.11 Excel - surveillance (pas à pas)\powerquery_export\new2.m
2024-11-20 15:24:14,820 - Requête trouvée: new2
2024-11-20 15:24:24,828 - Requête trouvée: new2
2024-11-20 15:24:34,838 - Requête trouvée: new2
2024-11-20 15:24:44,854 - Requête trouvée: new2
2024-11-20 15:24:44,862 - Requête trouvée: new2 (2)
2024-11-20 15:24:44,865 - Modification détectée pour new2 (2)
2024-11-20 15:24:44,876 - Requête sauvegardée: C:\Users\JulienFernandez\OneDrive\Portable Softwares\_Scripts\Python\Excel related\2024.11 Excel - surveillance (pas à pas)\powerquery_export\new2 (2).m
2024-11-20 15:24:54,887 - Requête trouvée: new2
2024-11-20 15:24:54,897 - Requête trouvée: new2 (2)
2024-11-20 15:25:04,910 - Requête trouvée: new2
2024-11-20 15:25:04,914 - Requête trouvée: new2 (2)
2024-11-20 15:25:14,917 - Excel fermé par l'utilisateur - Sauvegarde depuis le cache...
2024-11-20 15:25:14,921 - Requête sauvegardée depuis le cache: C:\Users\JulienFernandez\OneDrive\Portable Softwares\_Scripts\Python\Excel related\2024.11 Excel - surveillance (pas à pas)\powerquery_export\new2.m
2024-11-20 15:25:14,926 - Requête sauvegardée depuis le cache: C:\Users\JulienFernandez\OneDrive\Portable Softwares\_Scripts\Python\Excel related\2024.11 Excel - surveillance (pas à pas)\powerquery_export\new2 (2).m
2024-11-20 15:25:20,996 - Ancien fichier Power Query supprimé: new2 (2).m
2024-11-20 15:25:21,000 - Ancien fichier Power Query supprimé: new2.m
2024-11-20 15:25:21,003 - Dossier Connections nettoyé
2024-11-20 15:25:22,064 - Surveillance des requêtes Power Query: C:\Users\JulienFernandez\OneDrive\Portable Softwares\_Scripts\Python\Excel related\2024.11 Excel - surveillance (pas à pas)\ExcelLiveInjectionWithMacrosAndPQ.xlsm
2024-11-20 15:25:23,882 - Fichier Excel ouvert avec succès
2024-11-20 15:25:27,425 - Requête trouvée: new2
2024-11-20 15:25:27,454 - Requête trouvée: new2 (2)
2024-11-20 15:25:27,457 - Modification détectée pour new2
2024-11-20 15:25:27,465 - Requête sauvegardée: C:\Users\JulienFernandez\OneDrive\Portable Softwares\_Scripts\Python\Excel related\2024.11 Excel - surveillance (pas à pas)\powerquery_export\new2.m
2024-11-20 15:25:27,466 - Modification détectée pour new2 (2)
2024-11-20 15:25:27,473 - Requête sauvegardée: C:\Users\JulienFernandez\OneDrive\Portable Softwares\_Scripts\Python\Excel related\2024.11 Excel - surveillance (pas à pas)\powerquery_export\new2 (2).m
2024-11-20 15:25:27,488 - Requête trouvée: new2
2024-11-20 15:25:27,498 - Requête trouvée: new2 (2)
2024-11-20 15:25:37,508 - Requête trouvée: new2
2024-11-20 15:25:37,517 - Requête trouvée: new2 (2)
2024-11-20 15:25:47,521 - Excel fermé par l'utilisateur - Sauvegarde depuis le cache...
2024-11-20 15:25:47,525 - Requête sauvegardée depuis le cache: C:\Users\JulienFernandez\OneDrive\Portable Softwares\_Scripts\Python\Excel related\2024.11 Excel - surveillance (pas à pas)\powerquery_export\new2.m
2024-11-20 15:25:47,531 - Requête sauvegardée depuis le cache: C:\Users\JulienFernandez\OneDrive\Portable Softwares\_Scripts\Python\Excel related\2024.11 Excel - surveillance (pas à pas)\powerquery_export\new2 (2).m
2024-11-20 15:26:52,783 - Ancien fichier Power Query supprimé: new2 (2).m
2024-11-20 15:26:52,788 - Ancien fichier Power Query supprimé: new2.m
2024-11-20 15:26:52,791 - Dossier Connections nettoyé
2024-11-20 15:26:53,775 - Surveillance des requêtes Power Query: C:\Users\JulienFernandez\OneDrive\Portable Softwares\_Scripts\Python\Excel related\2024.11 Excel - surveillance (pas à pas)\ExcelLiveInjectionWithMacrosAndPQ.xlsm
2024-11-20 15:26:55,261 - Fichier Excel ouvert avec succès
2024-11-20 15:26:59,068 - Requête trouvée: new2
2024-11-20 15:26:59,073 - Requête trouvée: new2 (2)
2024-11-20 15:26:59,073 - Recherche des connexions dans: C:\Users\JulienFernandez\OneDrive\Portable Softwares\_Scripts\Python\Excel related\2024.11 Excel - surveillance (pas à pas)
2024-11-20 15:26:59,074 - Nom du workbook: ExcelLiveInjectionWithMacrosAndPQ
2024-11-20 15:26:59,074 - Aucun dossier de connexions trouvé à: C:\Users\JulienFernandez\OneDrive\Portable Softwares\_Scripts\Python\Excel related\2024.11 Excel - surveillance (pas à pas)\Connections
2024-11-20 15:26:59,076 - Modification détectée pour new2
2024-11-20 15:26:59,082 - Requête sauvegardée: C:\Users\JulienFernandez\OneDrive\Portable Softwares\_Scripts\Python\Excel related\2024.11 Excel - surveillance (pas à pas)\powerquery_export\new2.m
2024-11-20 15:26:59,082 - Modification détectée pour new2 (2)
2024-11-20 15:26:59,088 - Requête sauvegardée: C:\Users\JulienFernandez\OneDrive\Portable Softwares\_Scripts\Python\Excel related\2024.11 Excel - surveillance (pas à pas)\powerquery_export\new2 (2).m
2024-11-20 15:26:59,100 - Requête trouvée: new2
2024-11-20 15:26:59,107 - Requête trouvée: new2 (2)
2024-11-20 15:26:59,108 - Recherche des connexions dans: C:\Users\JulienFernandez\OneDrive\Portable Softwares\_Scripts\Python\Excel related\2024.11 Excel - surveillance (pas à pas)
2024-11-20 15:26:59,108 - Nom du workbook: ExcelLiveInjectionWithMacrosAndPQ
2024-11-20 15:26:59,109 - Aucun dossier de connexions trouvé à: C:\Users\JulienFernandez\OneDrive\Portable Softwares\_Scripts\Python\Excel related\2024.11 Excel - surveillance (pas à pas)\Connections
2024-11-20 15:27:09,121 - Requête trouvée: new2
2024-11-20 15:27:09,130 - Requête trouvée: new2 (2)
2024-11-20 15:27:09,131 - Recherche des connexions dans: C:\Users\JulienFernandez\OneDrive\Portable Softwares\_Scripts\Python\Excel related\2024.11 Excel - surveillance (pas à pas)
2024-11-20 15:27:09,132 - Nom du workbook: ExcelLiveInjectionWithMacrosAndPQ
2024-11-20 15:27:09,132 - Aucun dossier de connexions trouvé à: C:\Users\JulienFernandez\OneDrive\Portable Softwares\_Scripts\Python\Excel related\2024.11 Excel - surveillance (pas à pas)\Connections
2024-11-20 15:27:19,135 - Excel fermé par l'utilisateur - Sauvegarde depuis le cache...
2024-11-20 15:27:19,143 - Requête sauvegardée depuis le cache: C:\Users\JulienFernandez\OneDrive\Portable Softwares\_Scripts\Python\Excel related\2024.11 Excel - surveillance (pas à pas)\powerquery_export\new2.m
2024-11-20 15:27:19,150 - Requête sauvegardée depuis le cache: C:\Users\JulienFernandez\OneDrive\Portable Softwares\_Scripts\Python\Excel related\2024.11 Excel - surveillance (pas à pas)\powerquery_export\new2 (2).m
2024-11-20 15:32:15,396 - Ancien fichier Power Query supprimé: new2 (2).m
2024-11-20 15:32:15,401 - Ancien fichier Power Query supprimé: new2.m
2024-11-20 15:32:15,405 - Dossier Connections nettoyé
2024-11-20 15:32:17,218 - Surveillance des requêtes Power Query: C:\Users\JulienFernandez\OneDrive\Portable Softwares\_Scripts\Python\Excel related\2024.11 Excel - surveillance (pas à pas)\ExcelLiveInjectionWithMacrosAndPQ.xlsm
2024-11-20 15:32:22,973 - Fichier Excel ouvert avec succès
2024-11-20 15:32:29,106 - Requête trouvée: new2
2024-11-20 15:32:29,143 - Requête trouvée: new2 (2)
2024-11-20 15:32:29,144 - Recherche des connexions dans: C:\Users\JulienFernandez\OneDrive\Portable Softwares\_Scripts\Python\Excel related\2024.11 Excel - surveillance (pas à pas)
2024-11-20 15:32:29,145 - Nom du workbook: ExcelLiveInjectionWithMacrosAndPQ
2024-11-20 15:32:29,146 - Aucun dossier de connexions trouvé à: C:\Users\JulienFernandez\OneDrive\Portable Softwares\_Scripts\Python\Excel related\2024.11 Excel - surveillance (pas à pas)\Connections
2024-11-20 15:32:29,148 - Modification détectée pour new2
2024-11-20 15:32:29,154 - Requête sauvegardée: C:\Users\JulienFernandez\OneDrive\Portable Softwares\_Scripts\Python\Excel related\2024.11 Excel - surveillance (pas à pas)\powerquery_export\new2.m
2024-11-20 15:32:29,155 - Modification détectée pour new2 (2)
2024-11-20 15:32:29,162 - Requête sauvegardée: C:\Users\JulienFernandez\OneDrive\Portable Softwares\_Scripts\Python\Excel related\2024.11 Excel - surveillance (pas à pas)\powerquery_export\new2 (2).m
2024-11-20 15:32:29,176 - Requête trouvée: new2
2024-11-20 15:32:29,186 - Requête trouvée: new2 (2)
2024-11-20 15:32:29,187 - Recherche des connexions dans: C:\Users\JulienFernandez\OneDrive\Portable Softwares\_Scripts\Python\Excel related\2024.11 Excel - surveillance (pas à pas)
2024-11-20 15:32:29,188 - Nom du workbook: ExcelLiveInjectionWithMacrosAndPQ
2024-11-20 15:32:29,188 - Aucun dossier de connexions trouvé à: C:\Users\JulienFernandez\OneDrive\Portable Softwares\_Scripts\Python\Excel related\2024.11 Excel - surveillance (pas à pas)\Connections
2024-11-20 15:32:39,200 - Requête trouvée: new2
2024-11-20 15:32:39,208 - Requête trouvée: new2 (2)
2024-11-20 15:32:39,208 - Recherche des connexions dans: C:\Users\JulienFernandez\OneDrive\Portable Softwares\_Scripts\Python\Excel related\2024.11 Excel - surveillance (pas à pas)
2024-11-20 15:32:39,209 - Nom du workbook: ExcelLiveInjectionWithMacrosAndPQ
2024-11-20 15:32:39,209 - Aucun dossier de connexions trouvé à: C:\Users\JulienFernandez\OneDrive\Portable Softwares\_Scripts\Python\Excel related\2024.11 Excel - surveillance (pas à pas)\Connections
2024-11-20 15:32:49,216 - Excel fermé par l'utilisateur - Sauvegarde depuis le cache...
2024-11-20 15:32:49,259 - Requête sauvegardée depuis le cache: C:\Users\JulienFernandez\OneDrive\Portable Softwares\_Scripts\Python\Excel related\2024.11 Excel - surveillance (pas à pas)\powerquery_export\new2.m
2024-11-20 15:32:49,268 - Requête sauvegardée depuis le cache: C:\Users\JulienFernandez\OneDrive\Portable Softwares\_Scripts\Python\Excel related\2024.11 Excel - surveillance (pas à pas)\powerquery_export\new2 (2).m
2025-04-28 10:40:18,898 - Ancien fichier Power Query supprimé: new2 (2).m
2025-04-28 10:40:18,904 - Ancien fichier Power Query supprimé: new2.m
2025-04-28 10:40:18,911 - Dossier Connections nettoyé
2025-04-28 10:40:18,997 - Surveillance des requêtes Power Query: C:\Users\JulienFernandez\OneDrive\Coding\_Projets de code\2024.11 Excel - surveillance (pas à pas)\ExcelLiveInjectionWithMacrosAndPQ.xlsm
2025-04-28 10:40:21,992 - Fichier Excel ouvert avec succès
2025-04-28 10:40:27,405 - Requête trouvée: new2
2025-04-28 10:40:27,410 - Requête trouvée: new2 (2)
2025-04-28 10:40:27,414 - Recherche des connexions dans: C:\Users\JulienFernandez\OneDrive\Coding\_Projets de code\2024.11 Excel - surveillance (pas à pas)
2025-04-28 10:40:27,414 - Nom du workbook: ExcelLiveInjectionWithMacrosAndPQ
2025-04-28 10:40:27,415 - Aucun dossier de connexions trouvé à: C:\Users\JulienFernandez\OneDrive\Coding\_Projets de code\2024.11 Excel - surveillance (pas à pas)\Connections
2025-04-28 10:40:27,417 - Modification détectée pour new2
2025-04-28 10:40:27,429 - Requête sauvegardée: C:\Users\JulienFernandez\OneDrive\Coding\_Projets de code\2024.11 Excel - surveillance (pas à pas)\powerquery_export\new2.m
2025-04-28 10:40:27,430 - Modification détectée pour new2 (2)
2025-04-28 10:40:27,447 - Requête sauvegardée: C:\Users\JulienFernandez\OneDrive\Coding\_Projets de code\2024.11 Excel - surveillance (pas à pas)\powerquery_export\new2 (2).m
2025-04-28 10:40:56,363 - Requête trouvée: new2
2025-04-28 10:40:56,366 - Requête trouvée: new2 (2)
2025-04-28 10:40:56,370 - Recherche des connexions dans: C:\Users\JulienFernandez\OneDrive\Coding\_Projets de code\2024.11 Excel - surveillance (pas à pas)
2025-04-28 10:40:56,371 - Nom du workbook: ExcelLiveInjectionWithMacrosAndPQ
2025-04-28 10:40:56,371 - Aucun dossier de connexions trouvé à: C:\Users\JulienFernandez\OneDrive\Coding\_Projets de code\2024.11 Excel - surveillance (pas à pas)\Connections
2025-04-28 10:41:06,382 - Requête trouvée: new2
2025-04-28 10:41:06,388 - Requête trouvée: new2 (2)
2025-04-28 10:41:06,389 - Recherche des connexions dans: C:\Users\JulienFernandez\OneDrive\Coding\_Projets de code\2024.11 Excel - surveillance (pas à pas)
2025-04-28 10:41:06,389 - Nom du workbook: ExcelLiveInjectionWithMacrosAndPQ
2025-04-28 10:41:06,389 - Aucun dossier de connexions trouvé à: C:\Users\JulienFernandez\OneDrive\Coding\_Projets de code\2024.11 Excel - surveillance (pas à pas)\Connections
2025-04-28 10:41:17,511 - Requête trouvée: new2
2025-04-28 10:41:17,518 - Requête trouvée: new2 (2)
2025-04-28 10:41:17,520 - Recherche des connexions dans: C:\Users\JulienFernandez\OneDrive\Coding\_Projets de code\2024.11 Excel - surveillance (pas à pas)
2025-04-28 10:41:17,520 - Nom du workbook: ExcelLiveInjectionWithMacrosAndPQ
2025-04-28 10:41:17,520 - Aucun dossier de connexions trouvé à: C:\Users\JulienFernandez\OneDrive\Coding\_Projets de code\2024.11 Excel - surveillance (pas à pas)\Connections
2025-04-28 10:41:27,528 - Requête trouvée: new2
2025-04-28 10:41:27,530 - Requête trouvée: new2 (2)
2025-04-28 10:41:27,531 - Recherche des connexions dans: C:\Users\JulienFernandez\OneDrive\Coding\_Projets de code\2024.11 Excel - surveillance (pas à pas)
2025-04-28 10:41:27,531 - Nom du workbook: ExcelLiveInjectionWithMacrosAndPQ
2025-04-28 10:41:27,532 - Aucun dossier de connexions trouvé à: C:\Users\JulienFernandez\OneDrive\Coding\_Projets de code\2024.11 Excel - surveillance (pas à pas)\Connections
2025-04-28 10:41:37,538 - Requête trouvée: new2
2025-04-28 10:41:37,541 - Requête trouvée: new2 (2)
2025-04-28 10:41:37,542 - Recherche des connexions dans: C:\Users\JulienFernandez\OneDrive\Coding\_Projets de code\2024.11 Excel - surveillance (pas à pas)
2025-04-28 10:41:37,542 - Nom du workbook: ExcelLiveInjectionWithMacrosAndPQ
2025-04-28 10:41:37,543 - Aucun dossier de connexions trouvé à: C:\Users\JulienFernandez\OneDrive\Coding\_Projets de code\2024.11 Excel - surveillance (pas à pas)\Connections
2025-04-28 10:41:47,552 - Requête trouvée: new2
2025-04-28 10:41:47,554 - Requête trouvée: new2 (2)
2025-04-28 10:41:47,556 - Recherche des connexions dans: C:\Users\JulienFernandez\OneDrive\Coding\_Projets de code\2024.11 Excel - surveillance (pas à pas)
2025-04-28 10:41:47,556 - Nom du workbook: ExcelLiveInjectionWithMacrosAndPQ
2025-04-28 10:41:47,556 - Aucun dossier de connexions trouvé à: C:\Users\JulienFernandez\OneDrive\Coding\_Projets de code\2024.11 Excel - surveillance (pas à pas)\Connections
2025-04-28 10:41:57,563 - Requête trouvée: new2
2025-04-28 10:41:57,567 - Requête trouvée: new2 (2)
2025-04-28 10:41:57,568 - Recherche des connexions dans: C:\Users\JulienFernandez\OneDrive\Coding\_Projets de code\2024.11 Excel - surveillance (pas à pas)
2025-04-28 10:41:57,568 - Nom du workbook: ExcelLiveInjectionWithMacrosAndPQ
2025-04-28 10:41:57,569 - Aucun dossier de connexions trouvé à: C:\Users\JulienFernandez\OneDrive\Coding\_Projets de code\2024.11 Excel - surveillance (pas à pas)\Connections
2025-04-28 10:42:07,577 - Requête trouvée: new2
2025-04-28 10:42:07,582 - Requête trouvée: new2 (2)
2025-04-28 10:42:07,583 - Recherche des connexions dans: C:\Users\JulienFernandez\OneDrive\Coding\_Projets de code\2024.11 Excel - surveillance (pas à pas)
2025-04-28 10:42:07,584 - Nom du workbook: ExcelLiveInjectionWithMacrosAndPQ
2025-04-28 10:42:07,584 - Dossier de connexions trouvé: C:\Users\JulienFernandez\OneDrive\Coding\_Projets de code\2024.11 Excel - surveillance (pas à pas)\Connections
2025-04-28 10:42:17,589 - Requête trouvée: new2
2025-04-28 10:42:17,592 - Requête trouvée: new2 (2)
2025-04-28 10:42:17,593 - Recherche des connexions dans: C:\Users\JulienFernandez\OneDrive\Coding\_Projets de code\2024.11 Excel - surveillance (pas à pas)
2025-04-28 10:42:17,593 - Nom du workbook: ExcelLiveInjectionWithMacrosAndPQ
2025-04-28 10:42:17,594 - Dossier de connexions trouvé: C:\Users\JulienFernandez\OneDrive\Coding\_Projets de code\2024.11 Excel - surveillance (pas à pas)\Connections
2025-04-28 10:42:27,603 - Requête trouvée: new2
2025-04-28 10:42:27,607 - Requête trouvée: new2 (2)
2025-04-28 10:42:27,608 - Recherche des connexions dans: C:\Users\JulienFernandez\OneDrive\Coding\_Projets de code\2024.11 Excel - surveillance (pas à pas)
2025-04-28 10:42:27,609 - Nom du workbook: ExcelLiveInjectionWithMacrosAndPQ
2025-04-28 10:42:27,609 - Dossier de connexions trouvé: C:\Users\JulienFernandez\OneDrive\Coding\_Projets de code\2024.11 Excel - surveillance (pas à pas)\Connections
2025-04-28 10:42:37,616 - Requête trouvée: new2
2025-04-28 10:42:37,620 - Requête trouvée: new2 (2)
2025-04-28 10:42:37,621 - Recherche des connexions dans: C:\Users\JulienFernandez\OneDrive\Coding\_Projets de code\2024.11 Excel - surveillance (pas à pas)
2025-04-28 10:42:37,621 - Nom du workbook: ExcelLiveInjectionWithMacrosAndPQ
2025-04-28 10:42:37,622 - Dossier de connexions trouvé: C:\Users\JulienFernandez\OneDrive\Coding\_Projets de code\2024.11 Excel - surveillance (pas à pas)\Connections
2025-04-28 10:42:47,632 - Requête trouvée: new2
2025-04-28 10:42:47,635 - Requête trouvée: new2 (2)
2025-04-28 10:42:47,636 - Recherche des connexions dans: C:\Users\JulienFernandez\OneDrive\Coding\_Projets de code\2024.11 Excel - surveillance (pas à pas)
2025-04-28 10:42:47,636 - Nom du workbook: ExcelLiveInjectionWithMacrosAndPQ
2025-04-28 10:42:47,637 - Dossier de connexions trouvé: C:\Users\JulienFernandez\OneDrive\Coding\_Projets de code\2024.11 Excel - surveillance (pas à pas)\Connections
2025-04-28 10:42:57,646 - Requête trouvée: new2
2025-04-28 10:42:57,657 - Requête trouvée: new2 (2)
2025-04-28 10:42:57,658 - Recherche des connexions dans: C:\Users\JulienFernandez\OneDrive\Coding\_Projets de code\2024.11 Excel - surveillance (pas à pas)
2025-04-28 10:42:57,659 - Nom du workbook: ExcelLiveInjectionWithMacrosAndPQ
2025-04-28 10:42:57,659 - Dossier de connexions trouvé: C:\Users\JulienFernandez\OneDrive\Coding\_Projets de code\2024.11 Excel - surveillance (pas à pas)\Connections
2025-04-28 10:43:07,678 - Requête trouvée: new2
2025-04-28 10:43:08,862 - Requête trouvée: new2 (2)
2025-04-28 10:43:08,863 - Recherche des connexions dans: C:\Users\JulienFernandez\OneDrive\Coding\_Projets de code\2024.11 Excel - surveillance (pas à pas)
2025-04-28 10:43:08,863 - Nom du workbook: ExcelLiveInjectionWithMacrosAndPQ
2025-04-28 10:43:08,864 - Dossier de connexions trouvé: C:\Users\JulienFernandez\OneDrive\Coding\_Projets de code\2024.11 Excel - surveillance (pas à pas)\Connections
2025-04-28 10:43:18,873 - Requête trouvée: new2
2025-04-28 10:43:18,878 - Requête trouvée: new2 (2)
2025-04-28 10:43:18,880 - Recherche des connexions dans: C:\Users\JulienFernandez\OneDrive\Coding\_Projets de code\2024.11 Excel - surveillance (pas à pas)
2025-04-28 10:43:18,880 - Nom du workbook: ExcelLiveInjectionWithMacrosAndPQ
2025-04-28 10:43:18,880 - Dossier de connexions trouvé: C:\Users\JulienFernandez\OneDrive\Coding\_Projets de code\2024.11 Excel - surveillance (pas à pas)\Connections
2025-04-28 10:43:28,889 - Requête trouvée: new2
2025-04-28 10:43:28,893 - Requête trouvée: new2 (2)
2025-04-28 10:43:28,895 - Recherche des connexions dans: C:\Users\JulienFernandez\OneDrive\Coding\_Projets de code\2024.11 Excel - surveillance (pas à pas)
2025-04-28 10:43:28,895 - Nom du workbook: ExcelLiveInjectionWithMacrosAndPQ
2025-04-28 10:43:28,896 - Dossier de connexions trouvé: C:\Users\JulienFernandez\OneDrive\Coding\_Projets de code\2024.11 Excel - surveillance (pas à pas)\Connections
